<?xml version="1.0" encoding="UTF-8"?>
<!-- Generated by org.testng.reporters.JUnitXMLReporter -->
<testsuite ignored="0" hostname="Nadsoft" failures="0" tests="7" name="Default test" time="76.598" errors="0" timestamp="2023-06-11T13:22:03 EET">
  <testcase classname="LoginTest" name="invalid_userName_invalid_Password" time="5.835"/>
  <testcase classname="LoginTest" name="invalid_userName_validPassword" time="8.688"/>
  <testcase classname="LoginTest" name="valid_userName_invalidPassword" time="7.914"/>
  <testcase classname="LoginTest" name="empty_userName" time="10.455"/>
  <testcase classname="LoginTest" name="empty_password" time="17.283"/>
  <testcase classname="LoginTest" name="empty_userName_emptyPassword" time="8.079"/>
  <testcase classname="LoginTest" name="valid_username_validPassword" time="7.078"/>
</testsuite> <!-- Default test -->
