<?xml version="1.0" encoding="UTF-8"?>
<!-- Generated by org.testng.reporters.JUnitXMLReporter -->
<testsuite ignored="0" hostname="Nadsoft" failures="0" tests="7" name="Default test" time="77.85" errors="0" timestamp="2023-06-09T13:34:23 EET">
  <testcase classname="LoginTest" name="invalid_userName_invalid_Password" time="5.741"/>
  <testcase classname="LoginTest" name="invalid_userName_validPassword" time="5.78"/>
  <testcase classname="LoginTest" name="valid_userName_invalidPassword" time="5.528"/>
  <testcase classname="LoginTest" name="empty_userName" time="10.241"/>
  <testcase classname="LoginTest" name="empty_password" time="11.486"/>
  <testcase classname="LoginTest" name="empty_userName_emptyPassword" time="10.357"/>
  <testcase classname="LoginTest" name="valid_username_validPassword" time="11.895"/>
</testsuite> <!-- Default test -->
