<?xml version="1.0" encoding="UTF-8"?>
<testng-results ignored="0" total="7" passed="7" failed="0" skipped="0">
  <reporter-output>
  </reporter-output>
  <suite started-at="2023-06-11T13:20:47 EET" name="Default suite" finished-at="2023-06-11T13:22:03 EET" duration-ms="76598">
    <groups>
    </groups>
    <test started-at="2023-06-11T13:20:47 EET" name="Default test" finished-at="2023-06-11T13:22:03 EET" duration-ms="76598">
      <class name="LoginTest">
        <test-method is-config="true" signature="this_is_before_test()[pri:0, instance:LoginTest@290222c1]" started-at="2023-06-11T13:20:47 EET" name="this_is_before_test" finished-at="2023-06-11T13:20:58 EET" duration-ms="11188" status="PASS">
          <reporter-output>
          </reporter-output>
        </test-method> <!-- this_is_before_test -->
        <test-method signature="invalid_userName_invalid_Password()[pri:1, instance:LoginTest@290222c1]" started-at="2023-06-11T13:20:58 EET" name="invalid_userName_invalid_Password" finished-at="2023-06-11T13:21:04 EET" duration-ms="5835" status="PASS">
          <reporter-output>
          </reporter-output>
        </test-method> <!-- invalid_userName_invalid_Password -->
        <test-method signature="invalid_userName_validPassword()[pri:2, instance:LoginTest@290222c1]" started-at="2023-06-11T13:21:04 EET" name="invalid_userName_validPassword" finished-at="2023-06-11T13:21:12 EET" duration-ms="8688" status="PASS">
          <reporter-output>
          </reporter-output>
        </test-method> <!-- invalid_userName_validPassword -->
        <test-method signature="valid_userName_invalidPassword()[pri:3, instance:LoginTest@290222c1]" started-at="2023-06-11T13:21:12 EET" name="valid_userName_invalidPassword" finished-at="2023-06-11T13:21:20 EET" duration-ms="7914" status="PASS">
          <reporter-output>
          </reporter-output>
        </test-method> <!-- valid_userName_invalidPassword -->
        <test-method signature="empty_userName()[pri:4, instance:LoginTest@290222c1]" started-at="2023-06-11T13:21:20 EET" name="empty_userName" finished-at="2023-06-11T13:21:31 EET" duration-ms="10455" status="PASS">
          <reporter-output>
          </reporter-output>
        </test-method> <!-- empty_userName -->
        <test-method signature="empty_password()[pri:5, instance:LoginTest@290222c1]" started-at="2023-06-11T13:21:31 EET" name="empty_password" finished-at="2023-06-11T13:21:48 EET" duration-ms="17283" status="PASS">
          <reporter-output>
          </reporter-output>
        </test-method> <!-- empty_password -->
        <test-method signature="empty_userName_emptyPassword()[pri:6, instance:LoginTest@290222c1]" started-at="2023-06-11T13:21:48 EET" name="empty_userName_emptyPassword" finished-at="2023-06-11T13:21:56 EET" duration-ms="8079" status="PASS">
          <reporter-output>
          </reporter-output>
        </test-method> <!-- empty_userName_emptyPassword -->
        <test-method signature="valid_username_validPassword()[pri:7, instance:LoginTest@290222c1]" started-at="2023-06-11T13:21:56 EET" name="valid_username_validPassword" finished-at="2023-06-11T13:22:03 EET" duration-ms="7078" status="PASS">
          <reporter-output>
          </reporter-output>
        </test-method> <!-- valid_username_validPassword -->
      </class> <!-- LoginTest -->
    </test> <!-- Default test -->
  </suite> <!-- Default suite -->
</testng-results>
